# JRE version: OpenJDK Runtime Environment (8.0_242-b01) (build 1.8.0_242-release-1644-b01)
# Java VM: OpenJDK 64-Bit Server VM (25.242-b01 mixed mode windows-amd64 compressed oops)
Heap:
 PSYoungGen      total 208384K, used 108448K [0x00000000d5580000, 0x00000000e7e00000, 0x0000000100000000)
  eden space 194560K, 48% used [0x00000000d5580000,0x00000000db1ea6b8,0x00000000e1380000)
  from space 13824K, 99% used [0x00000000e1380000,0x00000000e20fdbb8,0x00000000e2100000)
  to   space 15872K, 0% used [0x00000000e6e80000,0x00000000e6e80000,0x00000000e7e00000)
 ParOldGen       total 152064K, used 15675K [0x0000000080000000, 0x0000000089480000, 0x00000000d5580000)
  object space 152064K, 10% used [0x0000000080000000,0x0000000080f4ef68,0x0000000089480000)
 Metaspace       used 52341K, capacity 54322K, committed 54568K, reserved 1095680K
  class space    used 6966K, capacity 7383K, committed 7472K, reserved 1048576K
GC Heap History (10 events):
Event: 2.849 GC heap before
{Heap before GC invocations=5 (full 1):
 PSYoungGen      total 133120K, used 8127K [0x00000000d5580000, 0x00000000de180000, 0x0000000100000000)
  eden space 122880K, 0% used [0x00000000d5580000,0x00000000d5580000,0x00000000dcd80000)
  from space 10240K, 79% used [0x00000000dd780000,0x00000000ddf6fd60,0x00000000de180000)
  to   space 10240K, 0% used [0x00000000dcd80000,0x00000000dcd80000,0x00000000dd780000)
 ParOldGen       total 163840K, used 1020K [0x0000000080000000, 0x000000008a000000, 0x00000000d5580000)
  object space 163840K, 0% used [0x0000000080000000,0x00000000800ff350,0x000000008a000000)
 Metaspace       used 20588K, capacity 21224K, committed 21296K, reserved 1067008K
  class space    used 2879K, capacity 3076K, committed 3120K, reserved 1048576K
Event: 2.881 GC heap after
Heap after GC invocations=5 (full 1):
 PSYoungGen      total 133120K, used 0K [0x00000000d5580000, 0x00000000de180000, 0x0000000100000000)
  eden space 122880K, 0% used [0x00000000d5580000,0x00000000d5580000,0x00000000dcd80000)
  from space 10240K, 0% used [0x00000000dd780000,0x00000000dd780000,0x00000000de180000)
  to   space 10240K, 0% used [0x00000000dcd80000,0x00000000dcd80000,0x00000000dd780000)
 ParOldGen       total 95744K, used 7956K [0x0000000080000000, 0x0000000085d80000, 0x00000000d5580000)
  object space 95744K, 8% used [0x0000000080000000,0x00000000807c53c0,0x0000000085d80000)
 Metaspace       used 20588K, capacity 21224K, committed 21296K, reserved 1067008K
  class space    used 2879K, capacity 3076K, committed 3120K, reserved 1048576K
}
Event: 4.138 GC heap before
{Heap before GC invocations=6 (full 1):
 PSYoungGen      total 133120K, used 122880K [0x00000000d5580000, 0x00000000de180000, 0x0000000100000000)
  eden space 122880K, 100% used [0x00000000d5580000,0x00000000dcd80000,0x00000000dcd80000)
  from space 10240K, 0% used [0x00000000dd780000,0x00000000dd780000,0x00000000de180000)
  to   space 10240K, 0% used [0x00000000dcd80000,0x00000000dcd80000,0x00000000dd780000)
 ParOldGen       total 95744K, used 7956K [0x0000000080000000, 0x0000000085d80000, 0x00000000d5580000)
  object space 95744K, 8% used [0x0000000080000000,0x00000000807c53c0,0x0000000085d80000)
 Metaspace       used 32609K, capacity 33636K, committed 33712K, reserved 1079296K
  class space    used 4451K, capacity 4718K, committed 4784K, reserved 1048576K
Event: 4.151 GC heap after
Heap after GC invocations=6 (full 1):
 PSYoungGen      total 133120K, used 10228K [0x00000000d5580000, 0x00000000e2f80000, 0x0000000100000000)
  eden space 122880K, 0% used [0x00000000d5580000,0x00000000d5580000,0x00000000dcd80000)
  from space 10240K, 99% used [0x00000000dcd80000,0x00000000dd77d060,0x00000000dd780000)
  to   space 14848K, 0% used [0x00000000e2100000,0x00000000e2100000,0x00000000e2f80000)
 ParOldGen       total 95744K, used 11510K [0x0000000080000000, 0x0000000085d80000, 0x00000000d5580000)
  object space 95744K, 12% used [0x0000000080000000,0x0000000080b3da70,0x0000000085d80000)
 Metaspace       used 32609K, capacity 33636K, committed 33712K, reserved 1079296K
  class space    used 4451K, capacity 4718K, committed 4784K, reserved 1048576K
}
Event: 4.442 GC heap before
{Heap before GC invocations=7 (full 1):
 PSYoungGen      total 133120K, used 55686K [0x00000000d5580000, 0x00000000e2f80000, 0x0000000100000000)
  eden space 122880K, 36% used [0x00000000d5580000,0x00000000d81e4aa0,0x00000000dcd80000)
  from space 10240K, 99% used [0x00000000dcd80000,0x00000000dd77d060,0x00000000dd780000)
  to   space 14848K, 0% used [0x00000000e2100000,0x00000000e2100000,0x00000000e2f80000)
 ParOldGen       total 95744K, used 11510K [0x0000000080000000, 0x0000000085d80000, 0x00000000d5580000)
  object space 95744K, 12% used [0x0000000080000000,0x0000000080b3da70,0x0000000085d80000)
 Metaspace       used 34257K, capacity 35412K, committed 35496K, reserved 1079296K
  class space    used 4720K, capacity 5001K, committed 5040K, reserved 1048576K
Event: 4.451 GC heap after
Heap after GC invocations=7 (full 1):
 PSYoungGen      total 209408K, used 8927K [0x00000000d5580000, 0x00000000e3400000, 0x0000000100000000)
  eden space 194560K, 0% used [0x00000000d5580000,0x00000000d5580000,0x00000000e1380000)
  from space 14848K, 60% used [0x00000000e2100000,0x00000000e29b7ef8,0x00000000e2f80000)
  to   space 13824K, 0% used [0x00000000e1380000,0x00000000e1380000,0x00000000e2100000)
 ParOldGen       total 95744K, used 11518K [0x0000000080000000, 0x0000000085d80000, 0x00000000d5580000)
  object space 95744K, 12% used [0x0000000080000000,0x0000000080b3fa70,0x0000000085d80000)
 Metaspace       used 34257K, capacity 35412K, committed 35496K, reserved 1079296K
  class space    used 4720K, capacity 5001K, committed 5040K, reserved 1048576K
}
Event: 4.451 GC heap before
{Heap before GC invocations=8 (full 2):
 PSYoungGen      total 209408K, used 8927K [0x00000000d5580000, 0x00000000e3400000, 0x0000000100000000)
  eden space 194560K, 0% used [0x00000000d5580000,0x00000000d5580000,0x00000000e1380000)
  from space 14848K, 60% used [0x00000000e2100000,0x00000000e29b7ef8,0x00000000e2f80000)
  to   space 13824K, 0% used [0x00000000e1380000,0x00000000e1380000,0x00000000e2100000)
 ParOldGen       total 95744K, used 11518K [0x0000000080000000, 0x0000000085d80000, 0x00000000d5580000)
  object space 95744K, 12% used [0x0000000080000000,0x0000000080b3fa70,0x0000000085d80000)
 Metaspace       used 34257K, capacity 35412K, committed 35496K, reserved 1079296K
  class space    used 4720K, capacity 5001K, committed 5040K, reserved 1048576K
Event: 4.504 GC heap after
Heap after GC invocations=8 (full 2):
 PSYoungGen      total 209408K, used 0K [0x00000000d5580000, 0x00000000e3400000, 0x0000000100000000)
  eden space 194560K, 0% used [0x00000000d5580000,0x00000000d5580000,0x00000000e1380000)
  from space 14848K, 0% used [0x00000000e2100000,0x00000000e2100000,0x00000000e2f80000)
  to   space 13824K, 0% used [0x00000000e1380000,0x00000000e1380000,0x00000000e2100000)
 ParOldGen       total 152064K, used 15341K [0x0000000080000000, 0x0000000089480000, 0x00000000d5580000)
  object space 152064K, 10% used [0x0000000080000000,0x0000000080efb758,0x0000000089480000)
 Metaspace       used 34257K, capacity 35412K, committed 35496K, reserved 1079296K
  class space    used 4720K, capacity 5001K, committed 5040K, reserved 1048576K
}
Event: 11.743 GC heap before
{Heap before GC invocations=9 (full 2):
 PSYoungGen      total 209408K, used 194560K [0x00000000d5580000, 0x00000000e3400000, 0x0000000100000000)
  eden space 194560K, 100% used [0x00000000d5580000,0x00000000e1380000,0x00000000e1380000)
  from space 14848K, 0% used [0x00000000e2100000,0x00000000e2100000,0x00000000e2f80000)
  to   space 13824K, 0% used [0x00000000e1380000,0x00000000e1380000,0x00000000e2100000)
 ParOldGen       total 152064K, used 15341K [0x0000000080000000, 0x0000000089480000, 0x00000000d5580000)
  object space 152064K, 10% used [0x0000000080000000,0x0000000080efb758,0x0000000089480000)
 Metaspace       used 44466K, capacity 46314K, committed 46632K, reserved 1089536K
  class space    used 6039K, capacity 6387K, committed 6448K, reserved 1048576K
Event: 11.757 GC heap after
Heap after GC invocations=9 (full 2):
 PSYoungGen      total 208384K, used 13814K [0x00000000d5580000, 0x00000000e7e00000, 0x0000000100000000)
  eden space 194560K, 0% used [0x00000000d5580000,0x00000000d5580000,0x00000000e1380000)
  from space 13824K, 99% used [0x00000000e1380000,0x00000000e20fdbb8,0x00000000e2100000)
  to   space 15872K, 0% used [0x00000000e6e80000,0x00000000e6e80000,0x00000000e7e00000)
 ParOldGen       total 152064K, used 15675K [0x0000000080000000, 0x0000000089480000, 0x00000000d5580000)
  object space 152064K, 10% used [0x0000000080000000,0x0000000080f4ef68,0x0000000089480000)
 Metaspace       used 44466K, capacity 46314K, committed 46632K, reserved 1089536K
  class space    used 6039K, capacity 6387K, committed 6448K, reserved 1048576K
}

