# JRE version: OpenJDK Runtime Environment (8.0_242-b01) (build 1.8.0_242-release-1644-b01)
# Java VM: OpenJDK 64-Bit Server VM (25.242-b01 mixed mode windows-amd64 compressed oops)
Heap:
 PSYoungGen      total 160768K, used 52501K [0x00000000d5580000, 0x00000000e1400000, 0x0000000100000000)
  eden space 149504K, 27% used [0x00000000d5580000,0x00000000d7dc6310,0x00000000de780000)
  from space 11264K, 99% used [0x00000000dfe00000,0x00000000e08ff320,0x00000000e0900000)
  to   space 6656K, 0% used [0x00000000e0d80000,0x00000000e0d80000,0x00000000e1400000)
 ParOldGen       total 134144K, used 26571K [0x0000000080000000, 0x0000000088300000, 0x00000000d5580000)
  object space 134144K, 19% used [0x0000000080000000,0x00000000819f2db0,0x0000000088300000)
 Metaspace       used 53372K, capacity 55394K, committed 55720K, reserved 1097728K
  class space    used 7088K, capacity 7525K, committed 7600K, reserved 1048576K
GC Heap History (10 events):
Event: 8.986 GC heap before
{Heap before GC invocations=7 (full 1):
 PSYoungGen      total 71680K, used 69155K [0x00000000d5580000, 0x00000000dce80000, 0x0000000100000000)
  eden space 61440K, 100% used [0x00000000d5580000,0x00000000d9180000,0x00000000d9180000)
  from space 10240K, 75% used [0x00000000d9180000,0x00000000d9908fd0,0x00000000d9b80000)
  to   space 11264K, 0% used [0x00000000dc380000,0x00000000dc380000,0x00000000dce80000)
 ParOldGen       total 89600K, used 7931K [0x0000000080000000, 0x0000000085780000, 0x00000000d5580000)
  object space 89600K, 8% used [0x0000000080000000,0x00000000807beff8,0x0000000085780000)
 Metaspace       used 32640K, capacity 33604K, committed 33712K, reserved 1079296K
  class space    used 4445K, capacity 4686K, committed 4784K, reserved 1048576K
Event: 9.001 GC heap after
Heap after GC invocations=7 (full 1):
 PSYoungGen      total 112640K, used 9458K [0x00000000d5580000, 0x00000000dd000000, 0x0000000100000000)
  eden space 101376K, 0% used [0x00000000d5580000,0x00000000d5580000,0x00000000db880000)
  from space 11264K, 83% used [0x00000000dc380000,0x00000000dccbc908,0x00000000dce80000)
  to   space 11264K, 0% used [0x00000000db880000,0x00000000db880000,0x00000000dc380000)
 ParOldGen       total 89600K, used 7939K [0x0000000080000000, 0x0000000085780000, 0x00000000d5580000)
  object space 89600K, 8% used [0x0000000080000000,0x00000000807c0ff8,0x0000000085780000)
 Metaspace       used 32640K, capacity 33604K, committed 33712K, reserved 1079296K
  class space    used 4445K, capacity 4686K, committed 4784K, reserved 1048576K
}
Event: 9.334 GC heap before
{Heap before GC invocations=8 (full 1):
 PSYoungGen      total 112640K, used 52983K [0x00000000d5580000, 0x00000000dd000000, 0x0000000100000000)
  eden space 101376K, 42% used [0x00000000d5580000,0x00000000d8001420,0x00000000db880000)
  from space 11264K, 83% used [0x00000000dc380000,0x00000000dccbc908,0x00000000dce80000)
  to   space 11264K, 0% used [0x00000000db880000,0x00000000db880000,0x00000000dc380000)
 ParOldGen       total 89600K, used 7939K [0x0000000080000000, 0x0000000085780000, 0x00000000d5580000)
  object space 89600K, 8% used [0x0000000080000000,0x00000000807c0ff8,0x0000000085780000)
 Metaspace       used 34270K, capacity 35412K, committed 35496K, reserved 1079296K
  class space    used 4713K, capacity 5001K, committed 5040K, reserved 1048576K
Event: 9.345 GC heap after
Heap after GC invocations=8 (full 1):
 PSYoungGen      total 112640K, used 8841K [0x00000000d5580000, 0x00000000e1880000, 0x0000000100000000)
  eden space 101376K, 0% used [0x00000000d5580000,0x00000000d5580000,0x00000000db880000)
  from space 11264K, 78% used [0x00000000db880000,0x00000000dc1227d8,0x00000000dc380000)
  to   space 11264K, 0% used [0x00000000e0d80000,0x00000000e0d80000,0x00000000e1880000)
 ParOldGen       total 89600K, used 7947K [0x0000000080000000, 0x0000000085780000, 0x00000000d5580000)
  object space 89600K, 8% used [0x0000000080000000,0x00000000807c2ff8,0x0000000085780000)
 Metaspace       used 34270K, capacity 35412K, committed 35496K, reserved 1079296K
  class space    used 4713K, capacity 5001K, committed 5040K, reserved 1048576K
}
Event: 9.345 GC heap before
{Heap before GC invocations=9 (full 2):
 PSYoungGen      total 112640K, used 8841K [0x00000000d5580000, 0x00000000e1880000, 0x0000000100000000)
  eden space 101376K, 0% used [0x00000000d5580000,0x00000000d5580000,0x00000000db880000)
  from space 11264K, 78% used [0x00000000db880000,0x00000000dc1227d8,0x00000000dc380000)
  to   space 11264K, 0% used [0x00000000e0d80000,0x00000000e0d80000,0x00000000e1880000)
 ParOldGen       total 89600K, used 7947K [0x0000000080000000, 0x0000000085780000, 0x00000000d5580000)
  object space 89600K, 8% used [0x0000000080000000,0x00000000807c2ff8,0x0000000085780000)
 Metaspace       used 34270K, capacity 35412K, committed 35496K, reserved 1079296K
  class space    used 4713K, capacity 5001K, committed 5040K, reserved 1048576K
Event: 9.431 GC heap after
Heap after GC invocations=9 (full 2):
 PSYoungGen      total 112640K, used 0K [0x00000000d5580000, 0x00000000e1880000, 0x0000000100000000)
  eden space 101376K, 0% used [0x00000000d5580000,0x00000000d5580000,0x00000000db880000)
  from space 11264K, 0% used [0x00000000db880000,0x00000000db880000,0x00000000dc380000)
  to   space 11264K, 0% used [0x00000000e0d80000,0x00000000e0d80000,0x00000000e1880000)
 ParOldGen       total 134144K, used 15278K [0x0000000080000000, 0x0000000088300000, 0x00000000d5580000)
  object space 134144K, 11% used [0x0000000080000000,0x0000000080eeb848,0x0000000088300000)
 Metaspace       used 34270K, capacity 35412K, committed 35496K, reserved 1079296K
  class space    used 4713K, capacity 5001K, committed 5040K, reserved 1048576K
}
Event: 12.950 GC heap before
{Heap before GC invocations=10 (full 2):
 PSYoungGen      total 112640K, used 101376K [0x00000000d5580000, 0x00000000e1880000, 0x0000000100000000)
  eden space 101376K, 100% used [0x00000000d5580000,0x00000000db880000,0x00000000db880000)
  from space 11264K, 0% used [0x00000000db880000,0x00000000db880000,0x00000000dc380000)
  to   space 11264K, 0% used [0x00000000e0d80000,0x00000000e0d80000,0x00000000e1880000)
 ParOldGen       total 134144K, used 15278K [0x0000000080000000, 0x0000000088300000, 0x00000000d5580000)
  object space 134144K, 11% used [0x0000000080000000,0x0000000080eeb848,0x0000000088300000)
 Metaspace       used 36926K, capacity 38482K, committed 38696K, reserved 1083392K
  class space    used 5073K, capacity 5390K, committed 5424K, reserved 1048576K
Event: 12.957 GC heap after
Heap after GC invocations=10 (full 2):
 PSYoungGen      total 156160K, used 6460K [0x00000000d5580000, 0x00000000e1400000, 0x0000000100000000)
  eden space 149504K, 0% used [0x00000000d5580000,0x00000000d5580000,0x00000000de780000)
  from space 6656K, 97% used [0x00000000e0d80000,0x00000000e13cf240,0x00000000e1400000)
  to   space 11264K, 0% used [0x00000000dfe00000,0x00000000dfe00000,0x00000000e0900000)
 ParOldGen       total 134144K, used 15286K [0x0000000080000000, 0x0000000088300000, 0x00000000d5580000)
  object space 134144K, 11% used [0x0000000080000000,0x0000000080eed848,0x0000000088300000)
 Metaspace       used 36926K, capacity 38482K, committed 38696K, reserved 1083392K
  class space    used 5073K, capacity 5390K, committed 5424K, reserved 1048576K
}
Event: 16.388 GC heap before
{Heap before GC invocations=11 (full 2):
 PSYoungGen      total 156160K, used 155964K [0x00000000d5580000, 0x00000000e1400000, 0x0000000100000000)
  eden space 149504K, 100% used [0x00000000d5580000,0x00000000de780000,0x00000000de780000)
  from space 6656K, 97% used [0x00000000e0d80000,0x00000000e13cf240,0x00000000e1400000)
  to   space 11264K, 0% used [0x00000000dfe00000,0x00000000dfe00000,0x00000000e0900000)
 ParOldGen       total 134144K, used 15286K [0x0000000080000000, 0x0000000088300000, 0x00000000d5580000)
  object space 134144K, 11% used [0x0000000080000000,0x0000000080eed848,0x0000000088300000)
 Metaspace       used 52140K, capacity 54040K, committed 54312K, reserved 1095680K
  class space    used 6933K, capacity 7378K, committed 7472K, reserved 1048576K
Event: 16.413 GC heap after
Heap after GC invocations=11 (full 2):
 PSYoungGen      total 160768K, used 11260K [0x00000000d5580000, 0x00000000e1400000, 0x0000000100000000)
  eden space 149504K, 0% used [0x00000000d5580000,0x00000000d5580000,0x00000000de780000)
  from space 11264K, 99% used [0x00000000dfe00000,0x00000000e08ff320,0x00000000e0900000)
  to   space 6656K, 0% used [0x00000000e0d80000,0x00000000e0d80000,0x00000000e1400000)
 ParOldGen       total 134144K, used 26571K [0x0000000080000000, 0x0000000088300000, 0x00000000d5580000)
  object space 134144K, 19% used [0x0000000080000000,0x00000000819f2db0,0x0000000088300000)
 Metaspace       used 52140K, capacity 54040K, committed 54312K, reserved 1095680K
  class space    used 6933K, capacity 7378K, committed 7472K, reserved 1048576K
}

