# JRE version: OpenJDK Runtime Environment (8.0_242-b01) (build 1.8.0_242-release-1644-b01)
# Java VM: OpenJDK 64-Bit Server VM (25.242-b01 mixed mode windows-amd64 compressed oops)
Heap:
 PSYoungGen      total 211456K, used 8919K [0x00000000d5580000, 0x00000000e3600000, 0x0000000100000000)
  eden space 196608K, 0% used [0x00000000d5580000,0x00000000d5580000,0x00000000e1580000)
  from space 14848K, 60% used [0x00000000e2300000,0x00000000e2bb5de8,0x00000000e3180000)
  to   space 13824K, 0% used [0x00000000e1580000,0x00000000e1580000,0x00000000e2300000)
 ParOldGen       total 94720K, used 11395K [0x0000000080000000, 0x0000000085c80000, 0x00000000d5580000)
  object space 94720K, 12% used [0x0000000080000000,0x0000000080b20ce8,0x0000000085c80000)
 Metaspace       used 34262K, capacity 35412K, committed 35496K, reserved 1079296K
  class space    used 4718K, capacity 5001K, committed 5040K, reserved 1048576K
GC Heap History (10 events):
Event: 2.627 GC heap after
Heap after GC invocations=3 (full 0):
 PSYoungGen      total 71680K, used 10233K [0x00000000d5580000, 0x00000000de180000, 0x0000000100000000)
  eden space 61440K, 0% used [0x00000000d5580000,0x00000000d5580000,0x00000000d9180000)
  from space 10240K, 99% used [0x00000000d9180000,0x00000000d9b7e4b0,0x00000000d9b80000)
  to   space 10240K, 0% used [0x00000000dd780000,0x00000000dd780000,0x00000000de180000)
 ParOldGen       total 163840K, used 984K [0x0000000080000000, 0x000000008a000000, 0x00000000d5580000)
  object space 163840K, 0% used [0x0000000080000000,0x00000000800f61d0,0x000000008a000000)
 Metaspace       used 19193K, capacity 19806K, committed 20096K, reserved 1067008K
  class space    used 2647K, capacity 2841K, committed 2944K, reserved 1048576K
}
Event: 2.806 GC heap before
{Heap before GC invocations=4 (full 0):
 PSYoungGen      total 71680K, used 31578K [0x00000000d5580000, 0x00000000de180000, 0x0000000100000000)
  eden space 61440K, 34% used [0x00000000d5580000,0x00000000d6a585e0,0x00000000d9180000)
  from space 10240K, 99% used [0x00000000d9180000,0x00000000d9b7e4b0,0x00000000d9b80000)
  to   space 10240K, 0% used [0x00000000dd780000,0x00000000dd780000,0x00000000de180000)
 ParOldGen       total 163840K, used 984K [0x0000000080000000, 0x000000008a000000, 0x00000000d5580000)
  object space 163840K, 0% used [0x0000000080000000,0x00000000800f61d0,0x000000008a000000)
 Metaspace       used 20556K, capacity 21224K, committed 21296K, reserved 1067008K
  class space    used 2874K, capacity 3076K, committed 3120K, reserved 1048576K
Event: 2.813 GC heap after
Heap after GC invocations=4 (full 0):
 PSYoungGen      total 133120K, used 8091K [0x00000000d5580000, 0x00000000de180000, 0x0000000100000000)
  eden space 122880K, 0% used [0x00000000d5580000,0x00000000d5580000,0x00000000dcd80000)
  from space 10240K, 79% used [0x00000000dd780000,0x00000000ddf66f50,0x00000000de180000)
  to   space 10240K, 0% used [0x00000000dcd80000,0x00000000dcd80000,0x00000000dd780000)
 ParOldGen       total 163840K, used 992K [0x0000000080000000, 0x000000008a000000, 0x00000000d5580000)
  object space 163840K, 0% used [0x0000000080000000,0x00000000800f81d0,0x000000008a000000)
 Metaspace       used 20556K, capacity 21224K, committed 21296K, reserved 1067008K
  class space    used 2874K, capacity 3076K, committed 3120K, reserved 1048576K
}
Event: 2.813 GC heap before
{Heap before GC invocations=5 (full 1):
 PSYoungGen      total 133120K, used 8091K [0x00000000d5580000, 0x00000000de180000, 0x0000000100000000)
  eden space 122880K, 0% used [0x00000000d5580000,0x00000000d5580000,0x00000000dcd80000)
  from space 10240K, 79% used [0x00000000dd780000,0x00000000ddf66f50,0x00000000de180000)
  to   space 10240K, 0% used [0x00000000dcd80000,0x00000000dcd80000,0x00000000dd780000)
 ParOldGen       total 163840K, used 992K [0x0000000080000000, 0x000000008a000000, 0x00000000d5580000)
  object space 163840K, 0% used [0x0000000080000000,0x00000000800f81d0,0x000000008a000000)
 Metaspace       used 20556K, capacity 21224K, committed 21296K, reserved 1067008K
  class space    used 2874K, capacity 3076K, committed 3120K, reserved 1048576K
Event: 2.845 GC heap after
Heap after GC invocations=5 (full 1):
 PSYoungGen      total 133120K, used 0K [0x00000000d5580000, 0x00000000de180000, 0x0000000100000000)
  eden space 122880K, 0% used [0x00000000d5580000,0x00000000d5580000,0x00000000dcd80000)
  from space 10240K, 0% used [0x00000000dd780000,0x00000000dd780000,0x00000000de180000)
  to   space 10240K, 0% used [0x00000000dcd80000,0x00000000dcd80000,0x00000000dd780000)
 ParOldGen       total 94720K, used 7908K [0x0000000080000000, 0x0000000085c80000, 0x00000000d5580000)
  object space 94720K, 8% used [0x0000000080000000,0x00000000807b9238,0x0000000085c80000)
 Metaspace       used 20556K, capacity 21224K, committed 21296K, reserved 1067008K
  class space    used 2874K, capacity 3076K, committed 3120K, reserved 1048576K
}
Event: 4.152 GC heap before
{Heap before GC invocations=6 (full 1):
 PSYoungGen      total 133120K, used 122880K [0x00000000d5580000, 0x00000000de180000, 0x0000000100000000)
  eden space 122880K, 100% used [0x00000000d5580000,0x00000000dcd80000,0x00000000dcd80000)
  from space 10240K, 0% used [0x00000000dd780000,0x00000000dd780000,0x00000000de180000)
  to   space 10240K, 0% used [0x00000000dcd80000,0x00000000dcd80000,0x00000000dd780000)
 ParOldGen       total 94720K, used 7908K [0x0000000080000000, 0x0000000085c80000, 0x00000000d5580000)
  object space 94720K, 8% used [0x0000000080000000,0x00000000807b9238,0x0000000085c80000)
 Metaspace       used 32593K, capacity 33636K, committed 33712K, reserved 1079296K
  class space    used 4443K, capacity 4717K, committed 4784K, reserved 1048576K
Event: 4.167 GC heap after
Heap after GC invocations=6 (full 1):
 PSYoungGen      total 133120K, used 10229K [0x00000000d5580000, 0x00000000e3180000, 0x0000000100000000)
  eden space 122880K, 0% used [0x00000000d5580000,0x00000000d5580000,0x00000000dcd80000)
  from space 10240K, 99% used [0x00000000dcd80000,0x00000000dd77d488,0x00000000dd780000)
  to   space 14848K, 0% used [0x00000000e2300000,0x00000000e2300000,0x00000000e3180000)
 ParOldGen       total 94720K, used 11387K [0x0000000080000000, 0x0000000085c80000, 0x00000000d5580000)
  object space 94720K, 12% used [0x0000000080000000,0x0000000080b1ece8,0x0000000085c80000)
 Metaspace       used 32593K, capacity 33636K, committed 33712K, reserved 1079296K
  class space    used 4443K, capacity 4717K, committed 4784K, reserved 1048576K
}
Event: 4.461 GC heap before
{Heap before GC invocations=7 (full 1):
 PSYoungGen      total 133120K, used 56367K [0x00000000d5580000, 0x00000000e3180000, 0x0000000100000000)
  eden space 122880K, 37% used [0x00000000d5580000,0x00000000d828e8a8,0x00000000dcd80000)
  from space 10240K, 99% used [0x00000000dcd80000,0x00000000dd77d488,0x00000000dd780000)
  to   space 14848K, 0% used [0x00000000e2300000,0x00000000e2300000,0x00000000e3180000)
 ParOldGen       total 94720K, used 11387K [0x0000000080000000, 0x0000000085c80000, 0x00000000d5580000)
  object space 94720K, 12% used [0x0000000080000000,0x0000000080b1ece8,0x0000000085c80000)
 Metaspace       used 34262K, capacity 35412K, committed 35496K, reserved 1079296K
  class space    used 4718K, capacity 5001K, committed 5040K, reserved 1048576K
Event: 4.471 GC heap after
Heap after GC invocations=7 (full 1):
 PSYoungGen      total 211456K, used 8919K [0x00000000d5580000, 0x00000000e3600000, 0x0000000100000000)
  eden space 196608K, 0% used [0x00000000d5580000,0x00000000d5580000,0x00000000e1580000)
  from space 14848K, 60% used [0x00000000e2300000,0x00000000e2bb5de8,0x00000000e3180000)
  to   space 13824K, 0% used [0x00000000e1580000,0x00000000e1580000,0x00000000e2300000)
 ParOldGen       total 94720K, used 11395K [0x0000000080000000, 0x0000000085c80000, 0x00000000d5580000)
  object space 94720K, 12% used [0x0000000080000000,0x0000000080b20ce8,0x0000000085c80000)
 Metaspace       used 34262K, capacity 35412K, committed 35496K, reserved 1079296K
  class space    used 4718K, capacity 5001K, committed 5040K, reserved 1048576K
}
Event: 4.471 GC heap before
{Heap before GC invocations=8 (full 2):
 PSYoungGen      total 211456K, used 8919K [0x00000000d5580000, 0x00000000e3600000, 0x0000000100000000)
  eden space 196608K, 0% used [0x00000000d5580000,0x00000000d5580000,0x00000000e1580000)
  from space 14848K, 60% used [0x00000000e2300000,0x00000000e2bb5de8,0x00000000e3180000)
  to   space 13824K, 0% used [0x00000000e1580000,0x00000000e1580000,0x00000000e2300000)
 ParOldGen       total 94720K, used 11395K [0x0000000080000000, 0x0000000085c80000, 0x00000000d5580000)
  object space 94720K, 12% used [0x0000000080000000,0x0000000080b20ce8,0x0000000085c80000)
 Metaspace       used 34262K, capacity 35412K, committed 35496K, reserved 1079296K
  class space    used 4718K, capacity 5001K, committed 5040K, reserved 1048576K

