# JRE version: OpenJDK Runtime Environment (8.0_242-b01) (build 1.8.0_242-release-1644-b01)
# Java VM: OpenJDK 64-Bit Server VM (25.242-b01 mixed mode windows-amd64 compressed oops)
Heap:
 PSYoungGen      total 183296K, used 89286K [0x00000000d5580000, 0x00000000e3480000, 0x0000000100000000)
  eden space 166912K, 53% used [0x00000000d5580000,0x00000000dacb1970,0x00000000df880000)
  from space 16384K, 0% used [0x00000000e0c00000,0x00000000e0c00000,0x00000000e1c00000)
  to   space 19968K, 0% used [0x00000000df880000,0x00000000df880000,0x00000000e0c00000)
 ParOldGen       total 231936K, used 34371K [0x0000000080000000, 0x000000008e280000, 0x00000000d5580000)
  object space 231936K, 14% used [0x0000000080000000,0x0000000082190f40,0x000000008e280000)
 Metaspace       used 62793K, capacity 65224K, committed 65432K, reserved 1105920K
  class space    used 8632K, capacity 9117K, committed 9136K, reserved 1048576K
GC Heap History (10 events):
Event: 5.532 GC heap before
{Heap before GC invocations=9 (full 2):
 PSYoungGen      total 105984K, used 9004K [0x00000000d5580000, 0x00000000e0500000, 0x0000000100000000)
  eden space 94720K, 0% used [0x00000000d5580000,0x00000000d5580000,0x00000000db200000)
  from space 11264K, 79% used [0x00000000db200000,0x00000000dbacb120,0x00000000dbd00000)
  to   space 11264K, 0% used [0x00000000dfa00000,0x00000000dfa00000,0x00000000e0500000)
 ParOldGen       total 97792K, used 7991K [0x0000000080000000, 0x0000000085f80000, 0x00000000d5580000)
  object space 97792K, 8% used [0x0000000080000000,0x00000000807cde98,0x0000000085f80000)
 Metaspace       used 34340K, capacity 35414K, committed 35496K, reserved 1079296K
  class space    used 4726K, capacity 5002K, committed 5040K, reserved 1048576K
Event: 5.586 GC heap after
Heap after GC invocations=9 (full 2):
 PSYoungGen      total 105984K, used 0K [0x00000000d5580000, 0x00000000e0500000, 0x0000000100000000)
  eden space 94720K, 0% used [0x00000000d5580000,0x00000000d5580000,0x00000000db200000)
  from space 11264K, 0% used [0x00000000db200000,0x00000000db200000,0x00000000dbd00000)
  to   space 11264K, 0% used [0x00000000dfa00000,0x00000000dfa00000,0x00000000e0500000)
 ParOldGen       total 152576K, used 15421K [0x0000000080000000, 0x0000000089500000, 0x00000000d5580000)
  object space 152576K, 10% used [0x0000000080000000,0x0000000080f0f6d0,0x0000000089500000)
 Metaspace       used 34340K, capacity 35414K, committed 35496K, reserved 1079296K
  class space    used 4726K, capacity 5002K, committed 5040K, reserved 1048576K
}
Event: 6.274 GC heap before
{Heap before GC invocations=10 (full 2):
 PSYoungGen      total 105984K, used 94720K [0x00000000d5580000, 0x00000000e0500000, 0x0000000100000000)
  eden space 94720K, 100% used [0x00000000d5580000,0x00000000db200000,0x00000000db200000)
  from space 11264K, 0% used [0x00000000db200000,0x00000000db200000,0x00000000dbd00000)
  to   space 11264K, 0% used [0x00000000dfa00000,0x00000000dfa00000,0x00000000e0500000)
 ParOldGen       total 152576K, used 15421K [0x0000000080000000, 0x0000000089500000, 0x00000000d5580000)
  object space 152576K, 10% used [0x0000000080000000,0x0000000080f0f6d0,0x0000000089500000)
 Metaspace       used 36758K, capacity 38232K, committed 38440K, reserved 1083392K
  class space    used 5050K, capacity 5337K, committed 5424K, reserved 1048576K
Event: 6.280 GC heap after
Heap after GC invocations=10 (full 2):
 PSYoungGen      total 142336K, used 6019K [0x00000000d5580000, 0x00000000e0000000, 0x0000000100000000)
  eden space 136192K, 0% used [0x00000000d5580000,0x00000000d5580000,0x00000000dda80000)
  from space 6144K, 97% used [0x00000000dfa00000,0x00000000dffe0cc0,0x00000000e0000000)
  to   space 11264K, 0% used [0x00000000dea00000,0x00000000dea00000,0x00000000df500000)
 ParOldGen       total 152576K, used 15429K [0x0000000080000000, 0x0000000089500000, 0x00000000d5580000)
  object space 152576K, 10% used [0x0000000080000000,0x0000000080f116d0,0x0000000089500000)
 Metaspace       used 36758K, capacity 38232K, committed 38440K, reserved 1083392K
  class space    used 5050K, capacity 5337K, committed 5424K, reserved 1048576K
}
Event: 7.986 GC heap before
{Heap before GC invocations=11 (full 2):
 PSYoungGen      total 142336K, used 142211K [0x00000000d5580000, 0x00000000e0000000, 0x0000000100000000)
  eden space 136192K, 100% used [0x00000000d5580000,0x00000000dda80000,0x00000000dda80000)
  from space 6144K, 97% used [0x00000000dfa00000,0x00000000dffe0cc0,0x00000000e0000000)
  to   space 11264K, 0% used [0x00000000dea00000,0x00000000dea00000,0x00000000df500000)
 ParOldGen       total 152576K, used 15429K [0x0000000080000000, 0x0000000089500000, 0x00000000d5580000)
  object space 152576K, 10% used [0x0000000080000000,0x0000000080f116d0,0x0000000089500000)
 Metaspace       used 51193K, capacity 53198K, committed 53416K, reserved 1095680K
  class space    used 6818K, capacity 7247K, committed 7344K, reserved 1048576K
Event: 8.005 GC heap after
Heap after GC invocations=11 (full 2):
 PSYoungGen      total 163328K, used 11244K [0x00000000d5580000, 0x00000000e1c00000, 0x0000000100000000)
  eden space 152064K, 0% used [0x00000000d5580000,0x00000000d5580000,0x00000000dea00000)
  from space 11264K, 99% used [0x00000000dea00000,0x00000000df4fb330,0x00000000df500000)
  to   space 16384K, 0% used [0x00000000e0c00000,0x00000000e0c00000,0x00000000e1c00000)
 ParOldGen       total 152576K, used 25298K [0x0000000080000000, 0x0000000089500000, 0x00000000d5580000)
  object space 152576K, 16% used [0x0000000080000000,0x00000000818b4858,0x0000000089500000)
 Metaspace       used 51193K, capacity 53198K, committed 53416K, reserved 1095680K
  class space    used 6818K, capacity 7247K, committed 7344K, reserved 1048576K
}
Event: 10.793 GC heap before
{Heap before GC invocations=12 (full 2):
 PSYoungGen      total 163328K, used 98640K [0x00000000d5580000, 0x00000000e1c00000, 0x0000000100000000)
  eden space 152064K, 57% used [0x00000000d5580000,0x00000000daad8fd0,0x00000000dea00000)
  from space 11264K, 99% used [0x00000000dea00000,0x00000000df4fb330,0x00000000df500000)
  to   space 16384K, 0% used [0x00000000e0c00000,0x00000000e0c00000,0x00000000e1c00000)
 ParOldGen       total 152576K, used 25298K [0x0000000080000000, 0x0000000089500000, 0x00000000d5580000)
  object space 152576K, 16% used [0x0000000080000000,0x00000000818b4858,0x0000000089500000)
 Metaspace       used 56828K, capacity 59018K, committed 59160K, reserved 1099776K
  class space    used 7696K, capacity 8150K, committed 8240K, reserved 1048576K
Event: 10.817 GC heap after
Heap after GC invocations=12 (full 2):
 PSYoungGen      total 183296K, used 16380K [0x00000000d5580000, 0x00000000e3480000, 0x0000000100000000)
  eden space 166912K, 0% used [0x00000000d5580000,0x00000000d5580000,0x00000000df880000)
  from space 16384K, 99% used [0x00000000e0c00000,0x00000000e1bff320,0x00000000e1c00000)
  to   space 19968K, 0% used [0x00000000df880000,0x00000000df880000,0x00000000e0c00000)
 ParOldGen       total 152576K, used 30349K [0x0000000080000000, 0x0000000089500000, 0x00000000d5580000)
  object space 152576K, 19% used [0x0000000080000000,0x0000000081da35e8,0x0000000089500000)
 Metaspace       used 56828K, capacity 59018K, committed 59160K, reserved 1099776K
  class space    used 7696K, capacity 8150K, committed 8240K, reserved 1048576K
}
Event: 10.817 GC heap before
{Heap before GC invocations=13 (full 3):
 PSYoungGen      total 183296K, used 16380K [0x00000000d5580000, 0x00000000e3480000, 0x0000000100000000)
  eden space 166912K, 0% used [0x00000000d5580000,0x00000000d5580000,0x00000000df880000)
  from space 16384K, 99% used [0x00000000e0c00000,0x00000000e1bff320,0x00000000e1c00000)
  to   space 19968K, 0% used [0x00000000df880000,0x00000000df880000,0x00000000e0c00000)
 ParOldGen       total 152576K, used 30349K [0x0000000080000000, 0x0000000089500000, 0x00000000d5580000)
  object space 152576K, 19% used [0x0000000080000000,0x0000000081da35e8,0x0000000089500000)
 Metaspace       used 56828K, capacity 59018K, committed 59160K, reserved 1099776K
  class space    used 7696K, capacity 8150K, committed 8240K, reserved 1048576K
Event: 11.021 GC heap after
Heap after GC invocations=13 (full 3):
 PSYoungGen      total 183296K, used 0K [0x00000000d5580000, 0x00000000e3480000, 0x0000000100000000)
  eden space 166912K, 0% used [0x00000000d5580000,0x00000000d5580000,0x00000000df880000)
  from space 16384K, 0% used [0x00000000e0c00000,0x00000000e0c00000,0x00000000e1c00000)
  to   space 19968K, 0% used [0x00000000df880000,0x00000000df880000,0x00000000e0c00000)
 ParOldGen       total 231936K, used 34371K [0x0000000080000000, 0x000000008e280000, 0x00000000d5580000)
  object space 231936K, 14% used [0x0000000080000000,0x0000000082190f40,0x000000008e280000)
 Metaspace       used 56808K, capacity 58952K, committed 59160K, reserved 1099776K
  class space    used 7690K, capacity 8139K, committed 8240K, reserved 1048576K
}

